#
# There is insufficient memory for the Java Runtime Environment to continue.
# Native memory allocation (mmap) failed to map 532676608 bytes for G1 virtual space
# Possible reasons:
#   The system is out of physical RAM or swap space
#   The process is running with CompressedOops enabled, and the Java Heap may be blocking the growth of the native heap
# Possible solutions:
#   Reduce memory load on the system
#   Increase physical memory or swap space
#   Check if swap backing store is full
#   Decrease Java heap size (-Xmx/-Xms)
#   Decrease number of Java threads
#   Decrease Java thread stack sizes (-Xss)
#   Set larger code cache with -XX:ReservedCodeCacheSize=
#   JVM is running with Zero Based Compressed Oops mode in which the Java heap is
#     placed in the first 32GB address space. The Java Heap base address is the
#     maximum limit for the native heap growth. Please use -XX:HeapBaseMinAddress
#     to set the Java Heap base and to place the Java Heap above 32GB virtual address.
# This output file may be truncated or incomplete.
#
#  Out of Memory Error (os_windows.cpp:3548), pid=126772, tid=158468
#
# JRE version:  (17.0.11+7) (build )
# Java VM: Java HotSpot(TM) 64-Bit Server VM (17.0.11+7-LTS-207, mixed mode, emulated-client, sharing, tiered, compressed oops, compressed class ptrs, g1 gc, windows-amd64)
# No core dump will be written. Minidumps are not enabled by default on client versions of Windows
#

---------------  S U M M A R Y ------------

Command Line: -XX:TieredStopAtLevel=1 -Dspring.output.ansi.enabled=always -Dcom.sun.management.jmxremote -Dspring.jmx.enabled=true -Dspring.liveBeansView.mbeanDomain -Dspring.application.admin.enabled=true -Dmanagement.endpoints.jmx.exposure.include=* -javaagent:C:\Users\5512r\AppData\Local\Programs\IntelliJ IDEA Ultimate\lib\idea_rt.jar=54133:C:\Users\5512r\AppData\Local\Programs\IntelliJ IDEA Ultimate\bin -Dfile.encoding=UTF-8 com.overhere.backend.BackendApplication

Host: Intel(R) Core(TM) Ultra 5 125H, 18 cores, 31G,  Windows 11 , 64 bit Build 22621 (10.0.22621.3958)
Time: Tue Nov 26 10:23:17 2024  Windows 11 , 64 bit Build 22621 (10.0.22621.3958) elapsed time: 0.022909 seconds (0d 0h 0m 0s)

---------------  T H R E A D  ---------------

Current thread (0x000001a4df3ab610):  JavaThread "Unknown thread" [_thread_in_vm, id=158468, stack(0x000000a2c5300000,0x000000a2c5400000)]

Stack: [0x000000a2c5300000,0x000000a2c5400000]
Native frames: (J=compiled Java code, j=interpreted, Vv=VM code, C=native code)
V  [jvm.dll+0x679cca]
V  [jvm.dll+0x7da13d]
V  [jvm.dll+0x7dba83]
V  [jvm.dll+0x7dc0f3]
V  [jvm.dll+0x2449af]
V  [jvm.dll+0x676ce9]
V  [jvm.dll+0x66b852]
V  [jvm.dll+0x3018d6]
V  [jvm.dll+0x308e76]
V  [jvm.dll+0x3596ee]
V  [jvm.dll+0x35991f]
V  [jvm.dll+0x2d89a8]
V  [jvm.dll+0x2d9914]
V  [jvm.dll+0x7ac6b1]
V  [jvm.dll+0x366f61]
V  [jvm.dll+0x78b609]
V  [jvm.dll+0x3ec22f]
V  [jvm.dll+0x3ede61]
C  [jli.dll+0x5297]
C  [ucrtbase.dll+0x29333]
C  [KERNEL32.DLL+0x1257d]
C  [ntdll.dll+0x5af08]


---------------  P R O C E S S  ---------------

Threads class SMR info:
_java_thread_list=0x00007ffe448f7a18, length=0, elements={
}

Java Threads: ( => current thread )

Other Threads:
  0x000001a4fd100c60 GCTaskThread "GC Thread#0" [stack: 0x000000a2c5400000,0x000000a2c5500000] [id=151764]
  0x000001a4df429550 ConcurrentGCThread "G1 Main Marker" [stack: 0x000000a2c5500000,0x000000a2c5600000] [id=139644]
  0x000001a4df42af70 ConcurrentGCThread "G1 Conc#0" [stack: 0x000000a2c5600000,0x000000a2c5700000] [id=152960]

[error occurred during error reporting (printing all threads), id 0xc0000005, EXCEPTION_ACCESS_VIOLATION (0xc0000005) at pc=0x00007ffe44129497]

VM state: not at safepoint (not fully initialized)

VM Mutex/Monitor currently owned by a thread:  ([mutex/lock_event])
[0x000001a4df3a82c0] Heap_lock - owner thread: 0x000001a4df3ab610

Heap address: 0x0000000606800000, size: 8088 MB, Compressed Oops mode: Zero based, Oop shift amount: 3

CDS archive(s) mapped at: [0x0000000000000000-0x0000000000000000-0x0000000000000000), size 0, SharedBaseAddress: 0x0000000800000000, ArchiveRelocationMode: 1.
Narrow klass base: 0x0000000000000000, Narrow klass shift: 0, Narrow klass range: 0x0

GC Precious Log:
<Empty>

Heap:
 garbage-first heap   total 0K, used 0K [0x0000000606800000, 0x0000000800000000)
  region size 4096K, 0 young (0K), 0 survivors (0K)

[error occurred during error reporting (printing heap information), id 0xc0000005, EXCEPTION_ACCESS_VIOLATION (0xc0000005) at pc=0x00007ffe44513559]

GC Heap History (0 events):
No events

Deoptimization events (0 events):
No events

Classes unloaded (0 events):
No events

Classes redefined (0 events):
No events

Internal exceptions (0 events):
No events

VM Operations (0 events):
No events

Events (1 events):
Event: 0.009 Loaded shared library C:\Program Files\Java\jdk-17\bin\java.dll


Dynamic libraries:
0x00007ff6f7f50000 - 0x00007ff6f7f60000 	C:\Program Files\Java\jdk-17\bin\java.exe
0x00007ffeb3c90000 - 0x00007ffeb3ea7000 	C:\Windows\SYSTEM32\ntdll.dll
0x00007ffeb3710000 - 0x00007ffeb37d4000 	C:\Windows\System32\KERNEL32.DLL
0x00007ffeb1210000 - 0x00007ffeb15c7000 	C:\Windows\System32\KERNELBASE.dll
0x00007ffeb0fa0000 - 0x00007ffeb10b1000 	C:\Windows\System32\ucrtbase.dll
0x00007ffeac2d0000 - 0x00007ffeac2eb000 	C:\Program Files\Java\jdk-17\bin\VCRUNTIME140.dll
0x00007ffea91b0000 - 0x00007ffea91c9000 	C:\Program Files\Java\jdk-17\bin\jli.dll
0x00007ffeb26f0000 - 0x00007ffeb27a2000 	C:\Windows\System32\ADVAPI32.dll
0x00007ffeb2be0000 - 0x00007ffeb2c87000 	C:\Windows\System32\msvcrt.dll
0x00007ffeb1ac0000 - 0x00007ffeb1b68000 	C:\Windows\System32\sechost.dll
0x00007ffeb11b0000 - 0x00007ffeb11d8000 	C:\Windows\System32\bcrypt.dll
0x00007ffeb1b70000 - 0x00007ffeb1c84000 	C:\Windows\System32\RPCRT4.dll
0x00007ffeb3920000 - 0x00007ffeb3acf000 	C:\Windows\System32\USER32.dll
0x00007ffeb11e0000 - 0x00007ffeb1206000 	C:\Windows\System32\win32u.dll
0x00007ffeb3260000 - 0x00007ffeb3289000 	C:\Windows\System32\GDI32.dll
0x00007ffe9cd90000 - 0x00007ffe9d023000 	C:\Windows\WinSxS\amd64_microsoft.windows.common-controls_6595b64144ccf1df_6.0.22621.3672_none_2713b9d173822955\COMCTL32.dll
0x00007ffeb18a0000 - 0x00007ffeb19b8000 	C:\Windows\System32\gdi32full.dll
0x00007ffeb1800000 - 0x00007ffeb189a000 	C:\Windows\System32\msvcp_win.dll
0x00007ffea7e00000 - 0x00007ffea7e0a000 	C:\Windows\SYSTEM32\VERSION.dll
0x00007ffeb38e0000 - 0x00007ffeb3911000 	C:\Windows\System32\IMM32.DLL
0x00007ffeac350000 - 0x00007ffeac35c000 	C:\Program Files\Java\jdk-17\bin\vcruntime140_1.dll
0x00007ffe9c9b0000 - 0x00007ffe9ca3e000 	C:\Program Files\Java\jdk-17\bin\msvcp140.dll
0x00007ffe43e40000 - 0x00007ffe44a20000 	C:\Program Files\Java\jdk-17\bin\server\jvm.dll
0x00007ffeb2fb0000 - 0x00007ffeb2fb8000 	C:\Windows\System32\PSAPI.DLL
0x00007ffe9f8b0000 - 0x00007ffe9f8b9000 	C:\Windows\SYSTEM32\WSOCK32.dll
0x00007ffeb27d0000 - 0x00007ffeb2841000 	C:\Windows\System32\WS2_32.dll
0x00007ffeabbf0000 - 0x00007ffeabc24000 	C:\Windows\SYSTEM32\WINMM.dll
0x00007ffeb00e0000 - 0x00007ffeb00f8000 	C:\Windows\SYSTEM32\kernel.appcore.dll
0x00007ffeac2c0000 - 0x00007ffeac2ca000 	C:\Program Files\Java\jdk-17\bin\jimage.dll
0x00007ffea8b10000 - 0x00007ffea8d42000 	C:\Windows\SYSTEM32\DBGHELP.DLL
0x00007ffeb2850000 - 0x00007ffeb2bde000 	C:\Windows\System32\combase.dll
0x00007ffeb3800000 - 0x00007ffeb38d7000 	C:\Windows\System32\OLEAUT32.dll
0x00007ffea8a40000 - 0x00007ffea8a72000 	C:\Windows\SYSTEM32\dbgcore.DLL
0x00007ffeb1130000 - 0x00007ffeb11ab000 	C:\Windows\System32\bcryptPrimitives.dll
0x00007ffeab870000 - 0x00007ffeab87e000 	C:\Program Files\Java\jdk-17\bin\instrument.dll
0x00007ffea7d30000 - 0x00007ffea7d55000 	C:\Program Files\Java\jdk-17\bin\java.dll

dbghelp: loaded successfully - version: 4.0.5 - missing functions: none
symbol engine: initialized successfully - sym options: 0x614 - pdb path: .;C:\Program Files\Java\jdk-17\bin;C:\Windows\SYSTEM32;C:\Windows\WinSxS\amd64_microsoft.windows.common-controls_6595b64144ccf1df_6.0.22621.3672_none_2713b9d173822955;C:\Program Files\Java\jdk-17\bin\server

VM Arguments:
jvm_args: -XX:TieredStopAtLevel=1 -Dspring.output.ansi.enabled=always -Dcom.sun.management.jmxremote -Dspring.jmx.enabled=true -Dspring.liveBeansView.mbeanDomain -Dspring.application.admin.enabled=true -Dmanagement.endpoints.jmx.exposure.include=* -javaagent:C:\Users\5512r\AppData\Local\Programs\IntelliJ IDEA Ultimate\lib\idea_rt.jar=54133:C:\Users\5512r\AppData\Local\Programs\IntelliJ IDEA Ultimate\bin -Dfile.encoding=UTF-8 
java_command: com.overhere.backend.BackendApplication
java_class_path (initial): C:\overhear\backend\build\classes\java\main;C:\overhear\backend\build\resources\main;C:\Users\5512r\.gradle\caches\modules-2\files-2.1\org.projectlombok\lombok\1.18.34\ec547ef414ab1d2c040118fb9c1c265ada63af14\lombok-1.18.34.jar;C:\Users\5512r\.gradle\caches\modules-2\files-2.1\org.springframework.boot\spring-boot-starter-data-jpa\3.3.5\3fbef698f3a3c43c60ed493f96b11471f7d01ec7\spring-boot-starter-data-jpa-3.3.5.jar;C:\Users\5512r\.gradle\caches\modules-2\files-2.1\org.springframework.boot\spring-boot-starter-validation\3.3.5\5f32f28b5573c024c9aa16369914d8f2760bd38e\spring-boot-starter-validation-3.3.5.jar;C:\Users\5512r\.gradle\caches\modules-2\files-2.1\org.springframework.boot\spring-boot-starter-web\3.3.5\51cc6cd5fb15f4eecfadea4ac689ed290e65c2cc\spring-boot-starter-web-3.3.5.jar;C:\Users\5512r\.gradle\caches\modules-2\files-2.1\org.springframework.boot\spring-boot-starter-webflux\3.3.5\6de46a195705782a7c02ec24b2176fecaa53421d\spring-boot-starter-webflux-3.3.5.jar;C:\Users\5512r\.gradle\caches\modules-2\files-2.1\org.springframework.boot\spring-boot-starter-aop\3.3.5\872157ff7d70996d6302f61aad1b176b4905a169\spring-boot-starter-aop-3.3.5.jar;C:\Users\5512r\.gradle\caches\modules-2\files-2.1\org.springframework.boot\spring-boot-starter-jdbc\3.3.5\64c2c63ff90dffcd6996b3cd11e5d7e9805884d2\spring-boot-starter-jdbc-3.3.5.jar;C:\Users\5512r\.gradle\caches\modules-2\files-2.1\org.hibernate.orm\hibernate-core\6.5.3.Final\1e23c320a5d10f5eaecbd23095fca5c5c83c1fb5\hibernate-core-6.5.3.Final.jar;C:\Users\5512r\.gradle\caches\modules-2\files-2.1\org.springframework.data\spring-data-jpa\3.3.5\72a3aa723e1008cc6216f94e79e2de721fc4c513\spring-data-jpa-3.3.5.jar;C:\Users\5512r\.gradle\caches\modules-2\files-2.1\org.springframework\spring-aspects\6.1.14\cd9d1c53457ac159e1eba3f342cbd6bf8dad4027\spring-aspects-6.1.14.jar;C:\Users\5512r\.gradle\caches\modules-2\files-2.1\org.springframework.boot\spring-boot-starter\3.3.5\16b7a9acf1918a8f763e871ada3794e9ffd4a9
Launcher Type: SUN_STANDARD

[Global flags]
     intx CICompilerCount                          = 12                                        {product} {ergonomic}
     uint ConcGCThreads                            = 4                                         {product} {ergonomic}
     uint G1ConcRefinementThreads                  = 14                                        {product} {ergonomic}
   size_t G1HeapRegionSize                         = 4194304                                   {product} {ergonomic}
    uintx GCDrainStackTargetSize                   = 64                                        {product} {ergonomic}
   size_t InitialHeapSize                          = 532676608                                 {product} {ergonomic}
     bool ManagementServer                         = true                                      {product} {command line}
   size_t MarkStackSize                            = 4194304                                   {product} {ergonomic}
   size_t MaxHeapSize                              = 8480882688                                {product} {ergonomic}
   size_t MinHeapDeltaBytes                        = 4194304                                   {product} {ergonomic}
   size_t MinHeapSize                              = 8388608                                   {product} {ergonomic}
    uintx NonProfiledCodeHeapSize                  = 0                                      {pd product} {ergonomic}
     bool ProfileInterpreter                       = false                                  {pd product} {command line}
    uintx ProfiledCodeHeapSize                     = 0                                      {pd product} {ergonomic}
   size_t SoftMaxHeapSize                          = 8480882688                             {manageable} {ergonomic}
     intx TieredStopAtLevel                        = 1                                         {product} {command line}
     bool UseCompressedClassPointers               = true                           {product lp64_product} {ergonomic}
     bool UseCompressedOops                        = true                           {product lp64_product} {ergonomic}
     bool UseG1GC                                  = true                                      {product} {ergonomic}
     bool UseLargePagesIndividualAllocation        = false                                  {pd product} {ergonomic}

Logging:
Log output configuration:
 #0: stdout all=warning uptime,level,tags
 #1: stderr all=off uptime,level,tags

Environment Variables:
JAVA_HOME=F:\Java
CLASSPATH=F:\Java\lib
PATH=c:\Users\5512r\AppData\Local\Programs\cursor\resources\app\bin;C:\Users\5512r\AppData\Roaming\Python\Python312\Scripts;C:\Python312\Scripts\;C:\Python312\;C:\Program Files\Common Files\Oracle\Java\javapath;C:\Windows\system32;C:\Windows;C:\Windows\System32\Wbem;C:\Windows\System32\WindowsPowerShell\v1.0\;C:\Windows\System32\OpenSSH\;F:\Java\bin\;C:\Program Files\nodejs\;C:\ProgramData\chocolatey\bin;F:\Git\cmd;C:\Users\5512r\AppData\Local\Microsoft\WindowsApps;C:\Users\5512r\AppData\Local\JetBrains\Toolbox\scripts;C:\Users\5512r\AppData\Roaming\npm;c:\Users\5512r\AppData\Local\Programs\cursor\resources\app\bin;c:\Users\5512r\AppData\Local\Programs\cursor\resources\app\bin;C:\Users\5512r\AppData\Local\Microsoft\WindowsApps;C:\Users\5512r\AppData\Local\JetBrains\Toolbox\scripts;F:\Microsoft VS Code\bin;C:\Users\5512r\AppData\Roaming\npm
USERNAME=5512r
OS=Windows_NT
PROCESSOR_IDENTIFIER=Intel64 Family 6 Model 170 Stepping 4, GenuineIntel



---------------  S Y S T E M  ---------------

OS:
 Windows 11 , 64 bit Build 22621 (10.0.22621.3958)
OS uptime: 41 days 21:12 hours

CPU: total 18 (initial active 18) (9 cores per cpu, 2 threads per core) family 6 model 170 stepping 4 microcode 0x1c, cx8, cmov, fxsr, ht, mmx, 3dnowpref, sse, sse2, sse3, ssse3, sse4.1, sse4.2, popcnt, lzcnt, tsc, tscinvbit, avx, avx2, aes, erms, clmul, bmi1, bmi2, adx, sha, fma, vzeroupper, clflush, clflushopt, clwb

Memory: 4k page, system-wide physical 32348M (4456M free)
TotalPageFile size 46630M (AvailPageFile size 352M)
current process WorkingSet (physical memory assigned to process): 11M, peak: 11M
current process commit charge ("private bytes"): 68M, peak: 576M

vm_info: Java HotSpot(TM) 64-Bit Server VM (17.0.11+7-LTS-207) for windows-amd64 JRE (17.0.11+7-LTS-207), built on Mar 11 2024 19:01:50 by "mach5one" with MS VC++ 17.6 (VS2022)

END.
